<?xml version="1.0" encoding="UTF-8"?>
<testsuite name="com.zerobase.convpay.service.MoneyAdapterTest" tests="1" skipped="0" failures="0" errors="0" timestamp="2022-06-28T12:43:40" hostname="JunYongui-MacBookPro-2.local" time="0.01">
  <properties/>
  <testcase name="money_use_success()" classname="com.zerobase.convpay.service.MoneyAdapterTest" time="0.01"/>
  <system-out><![CDATA[MoneyAdapter.use : 1000000
]]></system-out>
  <system-err><![CDATA[]]></system-err>
</testsuite>
