<?xml version="1.0" encoding="UTF-8"?>
<testsuite name="com.zerobase.convpay.service.MoneyAdapterTest" tests="1" skipped="0" failures="0" errors="0" timestamp="2022-06-28T12:20:48" hostname="JunYongui-MacBookPro-2.local" time="0.008">
  <properties/>
  <testcase name="money_use_cancel_fail()" classname="com.zerobase.convpay.service.MoneyAdapterTest" time="0.008"/>
  <system-out><![CDATA[MoneyAdapter.useCancel : 99
]]></system-out>
  <system-err><![CDATA[]]></system-err>
</testsuite>
